<?xml version="1.0" encoding="UTF-8"?>
<testsuite xmlns:xsi="http://www.w3.org/2001/XMLSchema-instance" xsi:noNamespaceSchemaLocation="https://maven.apache.org/surefire/maven-surefire-plugin/xsd/surefire-test-report.xsd" name="com.dh.service.AvionServiceTests" time="0.516" tests="3" errors="0" skipped="0" failures="0">
  <properties>
[...]
</properties>
  <testcase name="buscarAvionTest" classname="com.dh.service.AvionServiceTests" time="0.02"/>
  <testcase name="eliminarAvionTest" classname="com.dh.service.AvionServiceTests" time="0"/>
  <testcase name="traerTodos" classname="com.dh.service.AvionServiceTests" time="0.011"/>
</testsuite>